2025-01-30T12:35:17.051+01:00  INFO 20316 --- [restartedMain] e.i.R.ReaktorIssuesServerApplication     : Starting ReaktorIssuesServerApplication using Java 21.0.5 with PID 20316 (C:\Users\2DAM-JD\git\Reaktor_IssuesServer\target\classes started by 2DAM-JD in C:\Users\2DAM-JD\git\Reaktor_IssuesServer)
2025-01-30T12:35:17.070+01:00  INFO 20316 --- [restartedMain] e.i.R.ReaktorIssuesServerApplication     : No active profile set, falling back to 1 default profile: "default"
2025-01-30T12:35:17.130+01:00  INFO 20316 --- [restartedMain] .e.DevToolsPropertyDefaultsPostProcessor : Devtools property defaults active! Set 'spring.devtools.add-properties' to 'false' to disable
2025-01-30T12:35:17.131+01:00  INFO 20316 --- [restartedMain] .e.DevToolsPropertyDefaultsPostProcessor : For additional web related logging consider setting the 'logging.level.web' property to 'DEBUG'
2025-01-30T12:35:17.968+01:00  INFO 20316 --- [restartedMain] .s.d.r.c.RepositoryConfigurationDelegate : Bootstrapping Spring Data JPA repositories in DEFAULT mode.
2025-01-30T12:35:18.054+01:00  INFO 20316 --- [restartedMain] .s.d.r.c.RepositoryConfigurationDelegate : Finished Spring Data repository scanning in 77 ms. Found 1 JPA repository interface.
2025-01-30T12:35:18.861+01:00  INFO 20316 --- [restartedMain] o.s.b.w.embedded.tomcat.TomcatWebServer  : Tomcat initialized with port 8888 (http)
2025-01-30T12:35:18.882+01:00  INFO 20316 --- [restartedMain] o.apache.catalina.core.StandardService   : Starting service [Tomcat]
2025-01-30T12:35:18.882+01:00  INFO 20316 --- [restartedMain] o.apache.catalina.core.StandardEngine    : Starting Servlet engine: [Apache Tomcat/10.1.30]
2025-01-30T12:35:18.953+01:00  INFO 20316 --- [restartedMain] o.a.c.c.C.[Tomcat].[localhost].[/]       : Initializing Spring embedded WebApplicationContext
2025-01-30T12:35:18.953+01:00  INFO 20316 --- [restartedMain] w.s.c.ServletWebServerApplicationContext : Root WebApplicationContext: initialization completed in 1821 ms
2025-01-30T12:35:19.160+01:00  INFO 20316 --- [restartedMain] o.hibernate.jpa.internal.util.LogHelper  : HHH000204: Processing PersistenceUnitInfo [name: default]
2025-01-30T12:35:19.263+01:00  INFO 20316 --- [restartedMain] org.hibernate.Version                    : HHH000412: Hibernate ORM core version 6.5.3.Final
2025-01-30T12:35:19.317+01:00  INFO 20316 --- [restartedMain] o.h.c.internal.RegionFactoryInitiator    : HHH000026: Second-level cache disabled
2025-01-30T12:35:19.715+01:00  INFO 20316 --- [restartedMain] o.s.o.j.p.SpringPersistenceUnitInfo      : No LoadTimeWeaver setup: ignoring JPA class transformer
2025-01-30T12:35:19.751+01:00  INFO 20316 --- [restartedMain] com.zaxxer.hikari.HikariDataSource       : HikariPool-1 - Starting...
2025-01-30T12:35:20.245+01:00  INFO 20316 --- [restartedMain] com.zaxxer.hikari.pool.HikariPool        : HikariPool-1 - Added connection com.mysql.cj.jdbc.ConnectionImpl@71d41d7f
2025-01-30T12:35:20.248+01:00  INFO 20316 --- [restartedMain] com.zaxxer.hikari.HikariDataSource       : HikariPool-1 - Start completed.
2025-01-30T12:35:21.206+01:00  INFO 20316 --- [restartedMain] o.h.e.t.j.p.i.JtaPlatformInitiator       : HHH000489: No JTA platform available (set 'hibernate.transaction.jta.platform' to enable JTA platform integration)
2025-01-30T12:35:21.296+01:00  INFO 20316 --- [restartedMain] j.LocalContainerEntityManagerFactoryBean : Initialized JPA EntityManagerFactory for persistence unit 'default'
2025-01-30T12:35:21.584+01:00  INFO 20316 --- [restartedMain] o.s.d.j.r.query.QueryEnhancerFactory     : Hibernate is in classpath; If applicable, HQL parser will be used.
2025-01-30T12:35:22.181+01:00  WARN 20316 --- [restartedMain] JpaBaseConfiguration$JpaWebConfiguration : spring.jpa.open-in-view is enabled by default. Therefore, database queries may be performed during view rendering. Explicitly configure spring.jpa.open-in-view to disable this warning
2025-01-30T12:35:22.587+01:00  INFO 20316 --- [restartedMain] o.s.b.d.a.OptionalLiveReloadServer       : LiveReload server is running on port 35729
2025-01-30T12:35:22.639+01:00  INFO 20316 --- [restartedMain] o.s.b.w.embedded.tomcat.TomcatWebServer  : Tomcat started on port 8888 (http) with context path '/'
2025-01-30T12:35:22.649+01:00  INFO 20316 --- [restartedMain] e.i.R.ReaktorIssuesServerApplication     : Started ReaktorIssuesServerApplication in 6.188 seconds (process running for 6.891)
2025-01-30T12:35:28.827+01:00  INFO 20316 --- [http-nio-8888-exec-2] o.a.c.c.C.[Tomcat].[localhost].[/]       : Initializing Spring DispatcherServlet 'dispatcherServlet'
2025-01-30T12:35:28.828+01:00  INFO 20316 --- [http-nio-8888-exec-2] o.s.web.servlet.DispatcherServlet        : Initializing Servlet 'dispatcherServlet'
2025-01-30T12:35:28.829+01:00  INFO 20316 --- [http-nio-8888-exec-2] o.s.web.servlet.DispatcherServlet        : Completed initialization in 1 ms
2025-01-30T12:40:20.167+01:00  INFO 20316 --- [http-nio-8888-exec-7] e.i.R.rest.IncidenciaController          : ModificarIncidenciaDto(numeroAula=6, correoDocente=fbenchi@gmail.com, fechaIncidencia=2025-01-29T13:30:40.512829, estadoIncidencia=EN PROGRESO, comentario=xvvfbergh)
2025-01-30T12:40:20.182+01:00  INFO 20316 --- [http-nio-8888-exec-7] e.i.R.rest.IncidenciaController          : Datos recibidos: numeroAula=6, correoDocente=fbenchi@gmail.com, fechaIncidencia=2025-01-29T13:30:40.512829
2025-01-30T12:40:20.223+01:00  INFO 20316 --- [http-nio-8888-exec-7] e.i.R.rest.IncidenciaController          : La incidencia ha sido modificada correctamente: IncidenciaEntity(numeroAula=6, correoDocente=fbenchi@gmail.com, fechaIncidencia=2025-01-29T13:30:40.512829, descripcionIncidencia=6, estadoIncidencia=EN PROGRESO, comentario=xvvfbergh)
2025-01-30T12:45:43.086+01:00  INFO 20316 --- [File Watcher] rtingClassPathChangeChangedEventListener : Restarting due to 3 class path changes (0 additions, 0 deletions, 3 modifications)
2025-01-30T12:45:43.097+01:00  INFO 20316 --- [Thread-5] j.LocalContainerEntityManagerFactoryBean : Closing JPA EntityManagerFactory for persistence unit 'default'
2025-01-30T12:45:43.100+01:00  INFO 20316 --- [Thread-5] com.zaxxer.hikari.HikariDataSource       : HikariPool-1 - Shutdown initiated...
2025-01-30T12:45:43.106+01:00  INFO 20316 --- [Thread-5] com.zaxxer.hikari.HikariDataSource       : HikariPool-1 - Shutdown completed.
2025-01-30T12:45:43.196+01:00  INFO 20316 --- [restartedMain] e.i.R.ReaktorIssuesServerApplication     : Starting ReaktorIssuesServerApplication using Java 21.0.5 with PID 20316 (C:\Users\2DAM-JD\git\Reaktor_IssuesServer\target\classes started by 2DAM-JD in C:\Users\2DAM-JD\git\Reaktor_IssuesServer)
2025-01-30T12:45:43.196+01:00  INFO 20316 --- [restartedMain] e.i.R.ReaktorIssuesServerApplication     : No active profile set, falling back to 1 default profile: "default"
2025-01-30T12:45:43.370+01:00  INFO 20316 --- [restartedMain] .s.d.r.c.RepositoryConfigurationDelegate : Bootstrapping Spring Data JPA repositories in DEFAULT mode.
2025-01-30T12:45:43.385+01:00  INFO 20316 --- [restartedMain] .s.d.r.c.RepositoryConfigurationDelegate : Finished Spring Data repository scanning in 14 ms. Found 1 JPA repository interface.
2025-01-30T12:45:43.473+01:00  INFO 20316 --- [restartedMain] o.s.b.w.embedded.tomcat.TomcatWebServer  : Tomcat initialized with port 8888 (http)
2025-01-30T12:45:43.474+01:00  INFO 20316 --- [restartedMain] o.apache.catalina.core.StandardService   : Starting service [Tomcat]
2025-01-30T12:45:43.475+01:00  INFO 20316 --- [restartedMain] o.apache.catalina.core.StandardEngine    : Starting Servlet engine: [Apache Tomcat/10.1.30]
2025-01-30T12:45:43.495+01:00  INFO 20316 --- [restartedMain] o.a.c.c.C.[Tomcat].[localhost].[/]       : Initializing Spring embedded WebApplicationContext
2025-01-30T12:45:43.495+01:00  INFO 20316 --- [restartedMain] w.s.c.ServletWebServerApplicationContext : Root WebApplicationContext: initialization completed in 296 ms
2025-01-30T12:45:43.525+01:00  INFO 20316 --- [restartedMain] o.hibernate.jpa.internal.util.LogHelper  : HHH000204: Processing PersistenceUnitInfo [name: default]
2025-01-30T12:45:43.529+01:00  INFO 20316 --- [restartedMain] o.h.c.internal.RegionFactoryInitiator    : HHH000026: Second-level cache disabled
2025-01-30T12:45:43.539+01:00  INFO 20316 --- [restartedMain] o.s.o.j.p.SpringPersistenceUnitInfo      : No LoadTimeWeaver setup: ignoring JPA class transformer
2025-01-30T12:45:43.540+01:00  INFO 20316 --- [restartedMain] com.zaxxer.hikari.HikariDataSource       : HikariPool-2 - Starting...
2025-01-30T12:45:43.557+01:00  INFO 20316 --- [restartedMain] com.zaxxer.hikari.pool.HikariPool        : HikariPool-2 - Added connection com.mysql.cj.jdbc.ConnectionImpl@3a2a540a
2025-01-30T12:45:43.557+01:00  INFO 20316 --- [restartedMain] com.zaxxer.hikari.HikariDataSource       : HikariPool-2 - Start completed.
2025-01-30T12:45:43.606+01:00  INFO 20316 --- [restartedMain] o.h.e.t.j.p.i.JtaPlatformInitiator       : HHH000489: No JTA platform available (set 'hibernate.transaction.jta.platform' to enable JTA platform integration)
2025-01-30T12:45:43.635+01:00  INFO 20316 --- [restartedMain] j.LocalContainerEntityManagerFactoryBean : Initialized JPA EntityManagerFactory for persistence unit 'default'
2025-01-30T12:45:43.694+01:00  WARN 20316 --- [restartedMain] JpaBaseConfiguration$JpaWebConfiguration : spring.jpa.open-in-view is enabled by default. Therefore, database queries may be performed during view rendering. Explicitly configure spring.jpa.open-in-view to disable this warning
2025-01-30T12:45:43.769+01:00  INFO 20316 --- [restartedMain] o.s.b.d.a.OptionalLiveReloadServer       : LiveReload server is running on port 35729
2025-01-30T12:45:43.777+01:00  INFO 20316 --- [restartedMain] o.s.b.w.embedded.tomcat.TomcatWebServer  : Tomcat started on port 8888 (http) with context path '/'
2025-01-30T12:45:43.780+01:00  INFO 20316 --- [restartedMain] e.i.R.ReaktorIssuesServerApplication     : Started ReaktorIssuesServerApplication in 0.62 seconds (process running for 628.023)
2025-01-30T12:45:43.782+01:00  INFO 20316 --- [restartedMain] .ConditionEvaluationDeltaLoggingListener : Condition evaluation unchanged
2025-01-30T12:47:00.531+01:00  INFO 20316 --- [http-nio-8888-exec-1] o.a.c.c.C.[Tomcat].[localhost].[/]       : Initializing Spring DispatcherServlet 'dispatcherServlet'
2025-01-30T12:47:00.532+01:00  INFO 20316 --- [http-nio-8888-exec-1] o.s.web.servlet.DispatcherServlet        : Initializing Servlet 'dispatcherServlet'
2025-01-30T12:47:00.533+01:00  INFO 20316 --- [http-nio-8888-exec-1] o.s.web.servlet.DispatcherServlet        : Completed initialization in 1 ms
2025-01-30T12:47:00.616+01:00  WARN 20316 --- [http-nio-8888-exec-2] o.s.web.servlet.PageNotFound             : No mapping for GET /favicon.ico
2025-01-30T12:47:00.620+01:00  WARN 20316 --- [http-nio-8888-exec-2] o.s.web.servlet.PageNotFound             : No endpoint GET /favicon.ico.
2025-01-30T12:53:13.175+01:00  INFO 20316 --- [File Watcher] rtingClassPathChangeChangedEventListener : Restarting due to 1 class path change (0 additions, 0 deletions, 1 modification)
2025-01-30T12:53:13.185+01:00  INFO 20316 --- [Thread-7] j.LocalContainerEntityManagerFactoryBean : Closing JPA EntityManagerFactory for persistence unit 'default'
2025-01-30T12:53:13.187+01:00  INFO 20316 --- [Thread-7] com.zaxxer.hikari.HikariDataSource       : HikariPool-2 - Shutdown initiated...
2025-01-30T12:53:13.190+01:00  INFO 20316 --- [Thread-7] com.zaxxer.hikari.HikariDataSource       : HikariPool-2 - Shutdown completed.
2025-01-30T12:53:13.288+01:00  INFO 20316 --- [restartedMain] e.i.R.ReaktorIssuesServerApplication     : Starting ReaktorIssuesServerApplication using Java 21.0.5 with PID 20316 (C:\Users\2DAM-JD\git\Reaktor_IssuesServer\target\classes started by 2DAM-JD in C:\Users\2DAM-JD\git\Reaktor_IssuesServer)
2025-01-30T12:53:13.288+01:00  INFO 20316 --- [restartedMain] e.i.R.ReaktorIssuesServerApplication     : No active profile set, falling back to 1 default profile: "default"
2025-01-30T12:53:13.487+01:00  INFO 20316 --- [restartedMain] .s.d.r.c.RepositoryConfigurationDelegate : Bootstrapping Spring Data JPA repositories in DEFAULT mode.
2025-01-30T12:53:13.498+01:00  INFO 20316 --- [restartedMain] .s.d.r.c.RepositoryConfigurationDelegate : Finished Spring Data repository scanning in 11 ms. Found 1 JPA repository interface.
2025-01-30T12:53:13.573+01:00  INFO 20316 --- [restartedMain] o.s.b.w.embedded.tomcat.TomcatWebServer  : Tomcat initialized with port 8888 (http)
2025-01-30T12:53:13.574+01:00  INFO 20316 --- [restartedMain] o.apache.catalina.core.StandardService   : Starting service [Tomcat]
2025-01-30T12:53:13.574+01:00  INFO 20316 --- [restartedMain] o.apache.catalina.core.StandardEngine    : Starting Servlet engine: [Apache Tomcat/10.1.30]
2025-01-30T12:53:13.595+01:00  INFO 20316 --- [restartedMain] o.a.c.c.C.[Tomcat].[localhost].[/]       : Initializing Spring embedded WebApplicationContext
2025-01-30T12:53:13.595+01:00  INFO 20316 --- [restartedMain] w.s.c.ServletWebServerApplicationContext : Root WebApplicationContext: initialization completed in 303 ms
2025-01-30T12:53:13.622+01:00  INFO 20316 --- [restartedMain] o.hibernate.jpa.internal.util.LogHelper  : HHH000204: Processing PersistenceUnitInfo [name: default]
2025-01-30T12:53:13.626+01:00  INFO 20316 --- [restartedMain] o.h.c.internal.RegionFactoryInitiator    : HHH000026: Second-level cache disabled
2025-01-30T12:53:13.635+01:00  INFO 20316 --- [restartedMain] o.s.o.j.p.SpringPersistenceUnitInfo      : No LoadTimeWeaver setup: ignoring JPA class transformer
2025-01-30T12:53:13.636+01:00  INFO 20316 --- [restartedMain] com.zaxxer.hikari.HikariDataSource       : HikariPool-3 - Starting...
2025-01-30T12:53:13.651+01:00  INFO 20316 --- [restartedMain] com.zaxxer.hikari.pool.HikariPool        : HikariPool-3 - Added connection com.mysql.cj.jdbc.ConnectionImpl@6f2aaa8b
2025-01-30T12:53:13.651+01:00  INFO 20316 --- [restartedMain] com.zaxxer.hikari.HikariDataSource       : HikariPool-3 - Start completed.
2025-01-30T12:53:13.696+01:00  INFO 20316 --- [restartedMain] o.h.e.t.j.p.i.JtaPlatformInitiator       : HHH000489: No JTA platform available (set 'hibernate.transaction.jta.platform' to enable JTA platform integration)
2025-01-30T12:53:13.741+01:00  INFO 20316 --- [restartedMain] j.LocalContainerEntityManagerFactoryBean : Initialized JPA EntityManagerFactory for persistence unit 'default'
2025-01-30T12:53:13.796+01:00  WARN 20316 --- [restartedMain] JpaBaseConfiguration$JpaWebConfiguration : spring.jpa.open-in-view is enabled by default. Therefore, database queries may be performed during view rendering. Explicitly configure spring.jpa.open-in-view to disable this warning
2025-01-30T12:53:13.859+01:00  INFO 20316 --- [restartedMain] o.s.b.d.a.OptionalLiveReloadServer       : LiveReload server is running on port 35729
2025-01-30T12:53:13.867+01:00  INFO 20316 --- [restartedMain] o.s.b.w.embedded.tomcat.TomcatWebServer  : Tomcat started on port 8888 (http) with context path '/'
2025-01-30T12:53:13.870+01:00  INFO 20316 --- [restartedMain] e.i.R.ReaktorIssuesServerApplication     : Started ReaktorIssuesServerApplication in 0.619 seconds (process running for 1078.132)
2025-01-30T12:53:13.871+01:00  INFO 20316 --- [restartedMain] .ConditionEvaluationDeltaLoggingListener : Condition evaluation unchanged
2025-01-30T12:59:09.598+01:00  INFO 3064 --- [restartedMain] e.i.R.ReaktorIssuesServerApplication     : Starting ReaktorIssuesServerApplication using Java 21.0.5 with PID 3064 (C:\Users\2DAM-JD\git\Reaktor_IssuesServer\target\classes started by 2DAM-JD in C:\Users\2DAM-JD\git\Reaktor_IssuesServer)
2025-01-30T12:59:09.602+01:00  INFO 3064 --- [restartedMain] e.i.R.ReaktorIssuesServerApplication     : No active profile set, falling back to 1 default profile: "default"
2025-01-30T12:59:09.674+01:00  INFO 3064 --- [restartedMain] .e.DevToolsPropertyDefaultsPostProcessor : Devtools property defaults active! Set 'spring.devtools.add-properties' to 'false' to disable
2025-01-30T12:59:09.675+01:00  INFO 3064 --- [restartedMain] .e.DevToolsPropertyDefaultsPostProcessor : For additional web related logging consider setting the 'logging.level.web' property to 'DEBUG'
2025-01-30T12:59:19.654+01:00  INFO 21400 --- [restartedMain] e.i.R.ReaktorIssuesServerApplication     : Starting ReaktorIssuesServerApplication using Java 21.0.5 with PID 21400 (C:\Users\2DAM-JD\git\Reaktor_IssuesServer\target\classes started by 2DAM-JD in C:\Users\2DAM-JD\git\Reaktor_IssuesServer)
2025-01-30T12:59:19.657+01:00  INFO 21400 --- [restartedMain] e.i.R.ReaktorIssuesServerApplication     : No active profile set, falling back to 1 default profile: "default"
2025-01-30T12:59:19.710+01:00  INFO 21400 --- [restartedMain] .e.DevToolsPropertyDefaultsPostProcessor : Devtools property defaults active! Set 'spring.devtools.add-properties' to 'false' to disable
2025-01-30T12:59:19.710+01:00  INFO 21400 --- [restartedMain] .e.DevToolsPropertyDefaultsPostProcessor : For additional web related logging consider setting the 'logging.level.web' property to 'DEBUG'
2025-01-30T12:59:20.389+01:00  INFO 21400 --- [restartedMain] .s.d.r.c.RepositoryConfigurationDelegate : Bootstrapping Spring Data JPA repositories in DEFAULT mode.
2025-01-30T12:59:20.462+01:00  INFO 21400 --- [restartedMain] .s.d.r.c.RepositoryConfigurationDelegate : Finished Spring Data repository scanning in 63 ms. Found 1 JPA repository interface.
2025-01-30T12:59:21.108+01:00  INFO 21400 --- [restartedMain] o.s.b.w.embedded.tomcat.TomcatWebServer  : Tomcat initialized with port 8888 (http)
2025-01-30T12:59:21.123+01:00  INFO 21400 --- [restartedMain] o.apache.catalina.core.StandardService   : Starting service [Tomcat]
2025-01-30T12:59:21.123+01:00  INFO 21400 --- [restartedMain] o.apache.catalina.core.StandardEngine    : Starting Servlet engine: [Apache Tomcat/10.1.30]
2025-01-30T12:59:21.184+01:00  INFO 21400 --- [restartedMain] o.a.c.c.C.[Tomcat].[localhost].[/]       : Initializing Spring embedded WebApplicationContext
2025-01-30T12:59:21.185+01:00  INFO 21400 --- [restartedMain] w.s.c.ServletWebServerApplicationContext : Root WebApplicationContext: initialization completed in 1474 ms
2025-01-30T12:59:21.348+01:00  INFO 21400 --- [restartedMain] o.hibernate.jpa.internal.util.LogHelper  : HHH000204: Processing PersistenceUnitInfo [name: default]
2025-01-30T12:59:21.409+01:00  INFO 21400 --- [restartedMain] org.hibernate.Version                    : HHH000412: Hibernate ORM core version 6.5.3.Final
2025-01-30T12:59:21.445+01:00  INFO 21400 --- [restartedMain] o.h.c.internal.RegionFactoryInitiator    : HHH000026: Second-level cache disabled
2025-01-30T12:59:21.783+01:00  INFO 21400 --- [restartedMain] o.s.o.j.p.SpringPersistenceUnitInfo      : No LoadTimeWeaver setup: ignoring JPA class transformer
2025-01-30T12:59:21.815+01:00  INFO 21400 --- [restartedMain] com.zaxxer.hikari.HikariDataSource       : HikariPool-1 - Starting...
2025-01-30T12:59:22.191+01:00  INFO 21400 --- [restartedMain] com.zaxxer.hikari.pool.HikariPool        : HikariPool-1 - Added connection com.mysql.cj.jdbc.ConnectionImpl@57aa7335
2025-01-30T12:59:22.193+01:00  INFO 21400 --- [restartedMain] com.zaxxer.hikari.HikariDataSource       : HikariPool-1 - Start completed.
2025-01-30T12:59:22.421+01:00  WARN 21400 --- [restartedMain] ConfigServletWebServerApplicationContext : Exception encountered during context initialization - cancelling refresh attempt: org.springframework.beans.factory.BeanCreationException: Error creating bean with name 'entityManagerFactory' defined in class path resource [org/springframework/boot/autoconfigure/orm/jpa/HibernateJpaConfiguration.class]: Cannot invoke "org.hibernate.mapping.PersistentClass.getTable()" because "classMapping" is null
2025-01-30T12:59:22.424+01:00  INFO 21400 --- [restartedMain] com.zaxxer.hikari.HikariDataSource       : HikariPool-1 - Shutdown initiated...
2025-01-30T12:59:22.455+01:00  INFO 21400 --- [restartedMain] com.zaxxer.hikari.HikariDataSource       : HikariPool-1 - Shutdown completed.
2025-01-30T12:59:22.457+01:00  INFO 21400 --- [restartedMain] o.apache.catalina.core.StandardService   : Stopping service [Tomcat]
2025-01-30T12:59:22.470+01:00  INFO 21400 --- [restartedMain] .s.b.a.l.ConditionEvaluationReportLogger : 

Error starting ApplicationContext. To display the condition evaluation report re-run your application with 'debug' enabled.
2025-01-30T12:59:22.493+01:00 ERROR 21400 --- [restartedMain] o.s.boot.SpringApplication               : Application run failed

org.springframework.beans.factory.BeanCreationException: Error creating bean with name 'entityManagerFactory' defined in class path resource [org/springframework/boot/autoconfigure/orm/jpa/HibernateJpaConfiguration.class]: Cannot invoke "org.hibernate.mapping.PersistentClass.getTable()" because "classMapping" is null
	at org.springframework.beans.factory.support.AbstractAutowireCapableBeanFactory.initializeBean(AbstractAutowireCapableBeanFactory.java:1806) ~[spring-beans-6.1.13.jar:6.1.13]
	at org.springframework.beans.factory.support.AbstractAutowireCapableBeanFactory.doCreateBean(AbstractAutowireCapableBeanFactory.java:600) ~[spring-beans-6.1.13.jar:6.1.13]
	at org.springframework.beans.factory.support.AbstractAutowireCapableBeanFactory.createBean(AbstractAutowireCapableBeanFactory.java:522) ~[spring-beans-6.1.13.jar:6.1.13]
	at org.springframework.beans.factory.support.AbstractBeanFactory.lambda$doGetBean$0(AbstractBeanFactory.java:337) ~[spring-beans-6.1.13.jar:6.1.13]
	at org.springframework.beans.factory.support.DefaultSingletonBeanRegistry.getSingleton(DefaultSingletonBeanRegistry.java:234) ~[spring-beans-6.1.13.jar:6.1.13]
	at org.springframework.beans.factory.support.AbstractBeanFactory.doGetBean(AbstractBeanFactory.java:335) ~[spring-beans-6.1.13.jar:6.1.13]
	at org.springframework.beans.factory.support.AbstractBeanFactory.getBean(AbstractBeanFactory.java:205) ~[spring-beans-6.1.13.jar:6.1.13]
	at org.springframework.context.support.AbstractApplicationContext.finishBeanFactoryInitialization(AbstractApplicationContext.java:954) ~[spring-context-6.1.13.jar:6.1.13]
	at org.springframework.context.support.AbstractApplicationContext.refresh(AbstractApplicationContext.java:625) ~[spring-context-6.1.13.jar:6.1.13]
	at org.springframework.boot.web.servlet.context.ServletWebServerApplicationContext.refresh(ServletWebServerApplicationContext.java:146) ~[spring-boot-3.3.4.jar:3.3.4]
	at org.springframework.boot.SpringApplication.refresh(SpringApplication.java:754) ~[spring-boot-3.3.4.jar:3.3.4]
	at org.springframework.boot.SpringApplication.refreshContext(SpringApplication.java:456) ~[spring-boot-3.3.4.jar:3.3.4]
	at org.springframework.boot.SpringApplication.run(SpringApplication.java:335) ~[spring-boot-3.3.4.jar:3.3.4]
	at org.springframework.boot.SpringApplication.run(SpringApplication.java:1363) ~[spring-boot-3.3.4.jar:3.3.4]
	at org.springframework.boot.SpringApplication.run(SpringApplication.java:1352) ~[spring-boot-3.3.4.jar:3.3.4]
	at es.iesjandula.ReaktorIssuesServer.ReaktorIssuesServerApplication.main(ReaktorIssuesServerApplication.java:22) ~[classes/:na]
	at java.base/jdk.internal.reflect.DirectMethodHandleAccessor.invoke(DirectMethodHandleAccessor.java:103) ~[na:na]
	at java.base/java.lang.reflect.Method.invoke(Method.java:580) ~[na:na]
	at org.springframework.boot.devtools.restart.RestartLauncher.run(RestartLauncher.java:50) ~[spring-boot-devtools-3.3.4.jar:3.3.4]
Caused by: java.lang.NullPointerException: Cannot invoke "org.hibernate.mapping.PersistentClass.getTable()" because "classMapping" is null
	at org.hibernate.boot.internal.InFlightMetadataCollectorImpl.processFkSecondPassesInOrder(InFlightMetadataCollectorImpl.java:1831) ~[hibernate-core-6.5.3.Final.jar:6.5.3.Final]
	at org.hibernate.boot.internal.InFlightMetadataCollectorImpl.processSecondPasses(InFlightMetadataCollectorImpl.java:1764) ~[hibernate-core-6.5.3.Final.jar:6.5.3.Final]
	at org.hibernate.boot.model.process.spi.MetadataBuildingProcess.complete(MetadataBuildingProcess.java:334) ~[hibernate-core-6.5.3.Final.jar:6.5.3.Final]
	at org.hibernate.jpa.boot.internal.EntityManagerFactoryBuilderImpl.metadata(EntityManagerFactoryBuilderImpl.java:1431) ~[hibernate-core-6.5.3.Final.jar:6.5.3.Final]
	at org.hibernate.jpa.boot.internal.EntityManagerFactoryBuilderImpl.build(EntityManagerFactoryBuilderImpl.java:1502) ~[hibernate-core-6.5.3.Final.jar:6.5.3.Final]
	at org.springframework.orm.jpa.vendor.SpringHibernateJpaPersistenceProvider.createContainerEntityManagerFactory(SpringHibernateJpaPersistenceProvider.java:75) ~[spring-orm-6.1.13.jar:6.1.13]
	at org.springframework.orm.jpa.LocalContainerEntityManagerFactoryBean.createNativeEntityManagerFactory(LocalContainerEntityManagerFactoryBean.java:390) ~[spring-orm-6.1.13.jar:6.1.13]
	at org.springframework.orm.jpa.AbstractEntityManagerFactoryBean.buildNativeEntityManagerFactory(AbstractEntityManagerFactoryBean.java:409) ~[spring-orm-6.1.13.jar:6.1.13]
	at org.springframework.orm.jpa.AbstractEntityManagerFactoryBean.afterPropertiesSet(AbstractEntityManagerFactoryBean.java:396) ~[spring-orm-6.1.13.jar:6.1.13]
	at org.springframework.orm.jpa.LocalContainerEntityManagerFactoryBean.afterPropertiesSet(LocalContainerEntityManagerFactoryBean.java:366) ~[spring-orm-6.1.13.jar:6.1.13]
	at org.springframework.beans.factory.support.AbstractAutowireCapableBeanFactory.invokeInitMethods(AbstractAutowireCapableBeanFactory.java:1853) ~[spring-beans-6.1.13.jar:6.1.13]
	at org.springframework.beans.factory.support.AbstractAutowireCapableBeanFactory.initializeBean(AbstractAutowireCapableBeanFactory.java:1802) ~[spring-beans-6.1.13.jar:6.1.13]
	... 18 common frames omitted

2025-01-30T13:00:59.990+01:00  INFO 19744 --- [restartedMain] e.i.R.ReaktorIssuesServerApplication     : Starting ReaktorIssuesServerApplication using Java 21.0.5 with PID 19744 (C:\Users\2DAM-JD\git\Reaktor_IssuesServer\target\classes started by 2DAM-JD in C:\Users\2DAM-JD\git\Reaktor_IssuesServer)
2025-01-30T13:00:59.992+01:00  INFO 19744 --- [restartedMain] e.i.R.ReaktorIssuesServerApplication     : No active profile set, falling back to 1 default profile: "default"
2025-01-30T13:01:00.047+01:00  INFO 19744 --- [restartedMain] .e.DevToolsPropertyDefaultsPostProcessor : Devtools property defaults active! Set 'spring.devtools.add-properties' to 'false' to disable
2025-01-30T13:01:00.047+01:00  INFO 19744 --- [restartedMain] .e.DevToolsPropertyDefaultsPostProcessor : For additional web related logging consider setting the 'logging.level.web' property to 'DEBUG'
2025-01-30T13:01:00.749+01:00  INFO 19744 --- [restartedMain] .s.d.r.c.RepositoryConfigurationDelegate : Bootstrapping Spring Data JPA repositories in DEFAULT mode.
2025-01-30T13:01:00.815+01:00  INFO 19744 --- [restartedMain] .s.d.r.c.RepositoryConfigurationDelegate : Finished Spring Data repository scanning in 58 ms. Found 1 JPA repository interface.
2025-01-30T13:01:01.462+01:00  INFO 19744 --- [restartedMain] o.s.b.w.embedded.tomcat.TomcatWebServer  : Tomcat initialized with port 8888 (http)
2025-01-30T13:01:01.478+01:00  INFO 19744 --- [restartedMain] o.apache.catalina.core.StandardService   : Starting service [Tomcat]
2025-01-30T13:01:01.478+01:00  INFO 19744 --- [restartedMain] o.apache.catalina.core.StandardEngine    : Starting Servlet engine: [Apache Tomcat/10.1.30]
2025-01-30T13:01:01.538+01:00  INFO 19744 --- [restartedMain] o.a.c.c.C.[Tomcat].[localhost].[/]       : Initializing Spring embedded WebApplicationContext
2025-01-30T13:01:01.538+01:00  INFO 19744 --- [restartedMain] w.s.c.ServletWebServerApplicationContext : Root WebApplicationContext: initialization completed in 1490 ms
2025-01-30T13:01:01.700+01:00  INFO 19744 --- [restartedMain] o.hibernate.jpa.internal.util.LogHelper  : HHH000204: Processing PersistenceUnitInfo [name: default]
2025-01-30T13:01:01.761+01:00  INFO 19744 --- [restartedMain] org.hibernate.Version                    : HHH000412: Hibernate ORM core version 6.5.3.Final
2025-01-30T13:01:01.797+01:00  INFO 19744 --- [restartedMain] o.h.c.internal.RegionFactoryInitiator    : HHH000026: Second-level cache disabled
2025-01-30T13:01:02.100+01:00  INFO 19744 --- [restartedMain] o.s.o.j.p.SpringPersistenceUnitInfo      : No LoadTimeWeaver setup: ignoring JPA class transformer
2025-01-30T13:01:02.131+01:00  INFO 19744 --- [restartedMain] com.zaxxer.hikari.HikariDataSource       : HikariPool-1 - Starting...
2025-01-30T13:01:02.470+01:00  INFO 19744 --- [restartedMain] com.zaxxer.hikari.pool.HikariPool        : HikariPool-1 - Added connection com.mysql.cj.jdbc.ConnectionImpl@59178c6e
2025-01-30T13:01:02.473+01:00  INFO 19744 --- [restartedMain] com.zaxxer.hikari.HikariDataSource       : HikariPool-1 - Start completed.
2025-01-30T13:01:02.801+01:00 ERROR 19744 --- [restartedMain] j.LocalContainerEntityManagerFactoryBean : Failed to initialize JPA EntityManagerFactory: [PersistenceUnit: default] Unable to build Hibernate SessionFactory; nested exception is org.hibernate.MappingException: Column 'correo_docente' is duplicated in mapping for entity 'es.iesjandula.ReaktorIssuesServer.entity.IncidenciaEntity' (use '@Column(insertable=false, updatable=false)' when mapping multiple properties to the same column)
2025-01-30T13:01:02.802+01:00  WARN 19744 --- [restartedMain] ConfigServletWebServerApplicationContext : Exception encountered during context initialization - cancelling refresh attempt: org.springframework.beans.factory.BeanCreationException: Error creating bean with name 'entityManagerFactory' defined in class path resource [org/springframework/boot/autoconfigure/orm/jpa/HibernateJpaConfiguration.class]: [PersistenceUnit: default] Unable to build Hibernate SessionFactory; nested exception is org.hibernate.MappingException: Column 'correo_docente' is duplicated in mapping for entity 'es.iesjandula.ReaktorIssuesServer.entity.IncidenciaEntity' (use '@Column(insertable=false, updatable=false)' when mapping multiple properties to the same column)
2025-01-30T13:01:02.804+01:00  INFO 19744 --- [restartedMain] com.zaxxer.hikari.HikariDataSource       : HikariPool-1 - Shutdown initiated...
2025-01-30T13:01:02.811+01:00  INFO 19744 --- [restartedMain] com.zaxxer.hikari.HikariDataSource       : HikariPool-1 - Shutdown completed.
2025-01-30T13:01:02.813+01:00  INFO 19744 --- [restartedMain] o.apache.catalina.core.StandardService   : Stopping service [Tomcat]
2025-01-30T13:01:02.824+01:00  INFO 19744 --- [restartedMain] .s.b.a.l.ConditionEvaluationReportLogger : 

Error starting ApplicationContext. To display the condition evaluation report re-run your application with 'debug' enabled.
2025-01-30T13:01:02.843+01:00 ERROR 19744 --- [restartedMain] o.s.boot.SpringApplication               : Application run failed

org.springframework.beans.factory.BeanCreationException: Error creating bean with name 'entityManagerFactory' defined in class path resource [org/springframework/boot/autoconfigure/orm/jpa/HibernateJpaConfiguration.class]: [PersistenceUnit: default] Unable to build Hibernate SessionFactory; nested exception is org.hibernate.MappingException: Column 'correo_docente' is duplicated in mapping for entity 'es.iesjandula.ReaktorIssuesServer.entity.IncidenciaEntity' (use '@Column(insertable=false, updatable=false)' when mapping multiple properties to the same column)
	at org.springframework.beans.factory.support.AbstractAutowireCapableBeanFactory.initializeBean(AbstractAutowireCapableBeanFactory.java:1806) ~[spring-beans-6.1.13.jar:6.1.13]
	at org.springframework.beans.factory.support.AbstractAutowireCapableBeanFactory.doCreateBean(AbstractAutowireCapableBeanFactory.java:600) ~[spring-beans-6.1.13.jar:6.1.13]
	at org.springframework.beans.factory.support.AbstractAutowireCapableBeanFactory.createBean(AbstractAutowireCapableBeanFactory.java:522) ~[spring-beans-6.1.13.jar:6.1.13]
	at org.springframework.beans.factory.support.AbstractBeanFactory.lambda$doGetBean$0(AbstractBeanFactory.java:337) ~[spring-beans-6.1.13.jar:6.1.13]
	at org.springframework.beans.factory.support.DefaultSingletonBeanRegistry.getSingleton(DefaultSingletonBeanRegistry.java:234) ~[spring-beans-6.1.13.jar:6.1.13]
	at org.springframework.beans.factory.support.AbstractBeanFactory.doGetBean(AbstractBeanFactory.java:335) ~[spring-beans-6.1.13.jar:6.1.13]
	at org.springframework.beans.factory.support.AbstractBeanFactory.getBean(AbstractBeanFactory.java:205) ~[spring-beans-6.1.13.jar:6.1.13]
	at org.springframework.context.support.AbstractApplicationContext.finishBeanFactoryInitialization(AbstractApplicationContext.java:954) ~[spring-context-6.1.13.jar:6.1.13]
	at org.springframework.context.support.AbstractApplicationContext.refresh(AbstractApplicationContext.java:625) ~[spring-context-6.1.13.jar:6.1.13]
	at org.springframework.boot.web.servlet.context.ServletWebServerApplicationContext.refresh(ServletWebServerApplicationContext.java:146) ~[spring-boot-3.3.4.jar:3.3.4]
	at org.springframework.boot.SpringApplication.refresh(SpringApplication.java:754) ~[spring-boot-3.3.4.jar:3.3.4]
	at org.springframework.boot.SpringApplication.refreshContext(SpringApplication.java:456) ~[spring-boot-3.3.4.jar:3.3.4]
	at org.springframework.boot.SpringApplication.run(SpringApplication.java:335) ~[spring-boot-3.3.4.jar:3.3.4]
	at org.springframework.boot.SpringApplication.run(SpringApplication.java:1363) ~[spring-boot-3.3.4.jar:3.3.4]
	at org.springframework.boot.SpringApplication.run(SpringApplication.java:1352) ~[spring-boot-3.3.4.jar:3.3.4]
	at es.iesjandula.ReaktorIssuesServer.ReaktorIssuesServerApplication.main(ReaktorIssuesServerApplication.java:22) ~[classes/:na]
	at java.base/jdk.internal.reflect.DirectMethodHandleAccessor.invoke(DirectMethodHandleAccessor.java:103) ~[na:na]
	at java.base/java.lang.reflect.Method.invoke(Method.java:580) ~[na:na]
	at org.springframework.boot.devtools.restart.RestartLauncher.run(RestartLauncher.java:50) ~[spring-boot-devtools-3.3.4.jar:3.3.4]
Caused by: jakarta.persistence.PersistenceException: [PersistenceUnit: default] Unable to build Hibernate SessionFactory; nested exception is org.hibernate.MappingException: Column 'correo_docente' is duplicated in mapping for entity 'es.iesjandula.ReaktorIssuesServer.entity.IncidenciaEntity' (use '@Column(insertable=false, updatable=false)' when mapping multiple properties to the same column)
	at org.springframework.orm.jpa.AbstractEntityManagerFactoryBean.buildNativeEntityManagerFactory(AbstractEntityManagerFactoryBean.java:421) ~[spring-orm-6.1.13.jar:6.1.13]
	at org.springframework.orm.jpa.AbstractEntityManagerFactoryBean.afterPropertiesSet(AbstractEntityManagerFactoryBean.java:396) ~[spring-orm-6.1.13.jar:6.1.13]
	at org.springframework.orm.jpa.LocalContainerEntityManagerFactoryBean.afterPropertiesSet(LocalContainerEntityManagerFactoryBean.java:366) ~[spring-orm-6.1.13.jar:6.1.13]
	at org.springframework.beans.factory.support.AbstractAutowireCapableBeanFactory.invokeInitMethods(AbstractAutowireCapableBeanFactory.java:1853) ~[spring-beans-6.1.13.jar:6.1.13]
	at org.springframework.beans.factory.support.AbstractAutowireCapableBeanFactory.initializeBean(AbstractAutowireCapableBeanFactory.java:1802) ~[spring-beans-6.1.13.jar:6.1.13]
	... 18 common frames omitted
Caused by: org.hibernate.MappingException: Column 'correo_docente' is duplicated in mapping for entity 'es.iesjandula.ReaktorIssuesServer.entity.IncidenciaEntity' (use '@Column(insertable=false, updatable=false)' when mapping multiple properties to the same column)
	at org.hibernate.mapping.Value.checkColumnDuplication(Value.java:196) ~[hibernate-core-6.5.3.Final.jar:6.5.3.Final]
	at org.hibernate.mapping.MappingHelper.checkPropertyColumnDuplication(MappingHelper.java:251) ~[hibernate-core-6.5.3.Final.jar:6.5.3.Final]
	at org.hibernate.mapping.PersistentClass.checkColumnDuplication(PersistentClass.java:939) ~[hibernate-core-6.5.3.Final.jar:6.5.3.Final]
	at org.hibernate.mapping.PersistentClass.validate(PersistentClass.java:694) ~[hibernate-core-6.5.3.Final.jar:6.5.3.Final]
	at org.hibernate.mapping.RootClass.validate(RootClass.java:276) ~[hibernate-core-6.5.3.Final.jar:6.5.3.Final]
	at org.hibernate.boot.internal.MetadataImpl.validate(MetadataImpl.java:496) ~[hibernate-core-6.5.3.Final.jar:6.5.3.Final]
	at org.hibernate.internal.SessionFactoryImpl.<init>(SessionFactoryImpl.java:280) ~[hibernate-core-6.5.3.Final.jar:6.5.3.Final]
	at org.hibernate.boot.internal.SessionFactoryBuilderImpl.build(SessionFactoryBuilderImpl.java:457) ~[hibernate-core-6.5.3.Final.jar:6.5.3.Final]
	at org.hibernate.jpa.boot.internal.EntityManagerFactoryBuilderImpl.build(EntityManagerFactoryBuilderImpl.java:1506) ~[hibernate-core-6.5.3.Final.jar:6.5.3.Final]
	at org.springframework.orm.jpa.vendor.SpringHibernateJpaPersistenceProvider.createContainerEntityManagerFactory(SpringHibernateJpaPersistenceProvider.java:75) ~[spring-orm-6.1.13.jar:6.1.13]
	at org.springframework.orm.jpa.LocalContainerEntityManagerFactoryBean.createNativeEntityManagerFactory(LocalContainerEntityManagerFactoryBean.java:390) ~[spring-orm-6.1.13.jar:6.1.13]
	at org.springframework.orm.jpa.AbstractEntityManagerFactoryBean.buildNativeEntityManagerFactory(AbstractEntityManagerFactoryBean.java:409) ~[spring-orm-6.1.13.jar:6.1.13]
	... 22 common frames omitted

2025-01-30T13:02:24.122+01:00  INFO 3916 --- [restartedMain] e.i.R.ReaktorIssuesServerApplication     : Starting ReaktorIssuesServerApplication using Java 21.0.5 with PID 3916 (C:\Users\2DAM-JD\git\Reaktor_IssuesServer\target\classes started by 2DAM-JD in C:\Users\2DAM-JD\git\Reaktor_IssuesServer)
2025-01-30T13:02:24.125+01:00  INFO 3916 --- [restartedMain] e.i.R.ReaktorIssuesServerApplication     : No active profile set, falling back to 1 default profile: "default"
2025-01-30T13:02:24.182+01:00  INFO 3916 --- [restartedMain] .e.DevToolsPropertyDefaultsPostProcessor : Devtools property defaults active! Set 'spring.devtools.add-properties' to 'false' to disable
2025-01-30T13:02:24.183+01:00  INFO 3916 --- [restartedMain] .e.DevToolsPropertyDefaultsPostProcessor : For additional web related logging consider setting the 'logging.level.web' property to 'DEBUG'
2025-01-30T13:02:24.851+01:00  INFO 3916 --- [restartedMain] .s.d.r.c.RepositoryConfigurationDelegate : Bootstrapping Spring Data JPA repositories in DEFAULT mode.
2025-01-30T13:02:24.918+01:00  INFO 3916 --- [restartedMain] .s.d.r.c.RepositoryConfigurationDelegate : Finished Spring Data repository scanning in 57 ms. Found 1 JPA repository interface.
2025-01-30T13:02:25.571+01:00  INFO 3916 --- [restartedMain] o.s.b.w.embedded.tomcat.TomcatWebServer  : Tomcat initialized with port 8888 (http)
2025-01-30T13:02:25.586+01:00  INFO 3916 --- [restartedMain] o.apache.catalina.core.StandardService   : Starting service [Tomcat]
2025-01-30T13:02:25.587+01:00  INFO 3916 --- [restartedMain] o.apache.catalina.core.StandardEngine    : Starting Servlet engine: [Apache Tomcat/10.1.30]
2025-01-30T13:02:25.640+01:00  INFO 3916 --- [restartedMain] o.a.c.c.C.[Tomcat].[localhost].[/]       : Initializing Spring embedded WebApplicationContext
2025-01-30T13:02:25.641+01:00  INFO 3916 --- [restartedMain] w.s.c.ServletWebServerApplicationContext : Root WebApplicationContext: initialization completed in 1458 ms
2025-01-30T13:02:25.804+01:00  INFO 3916 --- [restartedMain] o.hibernate.jpa.internal.util.LogHelper  : HHH000204: Processing PersistenceUnitInfo [name: default]
2025-01-30T13:02:25.865+01:00  INFO 3916 --- [restartedMain] org.hibernate.Version                    : HHH000412: Hibernate ORM core version 6.5.3.Final
2025-01-30T13:02:25.903+01:00  INFO 3916 --- [restartedMain] o.h.c.internal.RegionFactoryInitiator    : HHH000026: Second-level cache disabled
2025-01-30T13:02:26.224+01:00  INFO 3916 --- [restartedMain] o.s.o.j.p.SpringPersistenceUnitInfo      : No LoadTimeWeaver setup: ignoring JPA class transformer
2025-01-30T13:02:26.254+01:00  INFO 3916 --- [restartedMain] com.zaxxer.hikari.HikariDataSource       : HikariPool-1 - Starting...
2025-01-30T13:02:26.594+01:00  INFO 3916 --- [restartedMain] com.zaxxer.hikari.pool.HikariPool        : HikariPool-1 - Added connection com.mysql.cj.jdbc.ConnectionImpl@22cec137
2025-01-30T13:02:26.597+01:00  INFO 3916 --- [restartedMain] com.zaxxer.hikari.HikariDataSource       : HikariPool-1 - Start completed.
2025-01-30T13:02:27.402+01:00  INFO 3916 --- [restartedMain] o.h.e.t.j.p.i.JtaPlatformInitiator       : HHH000489: No JTA platform available (set 'hibernate.transaction.jta.platform' to enable JTA platform integration)
2025-01-30T13:02:27.467+01:00  INFO 3916 --- [restartedMain] j.LocalContainerEntityManagerFactoryBean : Initialized JPA EntityManagerFactory for persistence unit 'default'
2025-01-30T13:02:27.723+01:00  INFO 3916 --- [restartedMain] o.s.d.j.r.query.QueryEnhancerFactory     : Hibernate is in classpath; If applicable, HQL parser will be used.
2025-01-30T13:02:28.261+01:00  WARN 3916 --- [restartedMain] JpaBaseConfiguration$JpaWebConfiguration : spring.jpa.open-in-view is enabled by default. Therefore, database queries may be performed during view rendering. Explicitly configure spring.jpa.open-in-view to disable this warning
2025-01-30T13:02:28.628+01:00  INFO 3916 --- [restartedMain] o.s.b.d.a.OptionalLiveReloadServer       : LiveReload server is running on port 35729
2025-01-30T13:02:28.669+01:00  INFO 3916 --- [restartedMain] o.s.b.w.embedded.tomcat.TomcatWebServer  : Tomcat started on port 8888 (http) with context path '/'
2025-01-30T13:02:28.679+01:00  INFO 3916 --- [restartedMain] e.i.R.ReaktorIssuesServerApplication     : Started ReaktorIssuesServerApplication in 5.038 seconds (process running for 5.508)
2025-01-30T13:02:34.560+01:00  INFO 3916 --- [http-nio-8888-exec-2] o.a.c.c.C.[Tomcat].[localhost].[/]       : Initializing Spring DispatcherServlet 'dispatcherServlet'
2025-01-30T13:02:34.561+01:00  INFO 3916 --- [http-nio-8888-exec-2] o.s.web.servlet.DispatcherServlet        : Initializing Servlet 'dispatcherServlet'
2025-01-30T13:02:34.562+01:00  INFO 3916 --- [http-nio-8888-exec-2] o.s.web.servlet.DispatcherServlet        : Completed initialization in 1 ms
2025-01-30T13:03:49.902+01:00  INFO 3916 --- [http-nio-8888-exec-6] e.i.R.rest.IncidenciaController          : Incidencia creada correctamente: IncidenciaEntity(numeroAula=2.11, correoDocente=fbenchi@gmail.com, fechaIncidencia=2025-01-30T13:03:49.845201800, descripcionIncidencia=1, estadoIncidencia=PENDIENTE, comentario=null)
2025-01-30T13:03:59.297+01:00  INFO 3916 --- [http-nio-8888-exec-7] e.i.R.rest.IncidenciaController          : Incidencia creada correctamente: IncidenciaEntity(numeroAula=2.2, correoDocente=fbenchi@gmail.com, fechaIncidencia=2025-01-30T13:03:59.288182400, descripcionIncidencia=2, estadoIncidencia=PENDIENTE, comentario=null)
2025-01-30T13:04:04.392+01:00  INFO 3916 --- [http-nio-8888-exec-8] e.i.R.rest.IncidenciaController          : Incidencia creada correctamente: IncidenciaEntity(numeroAula=2.11, correoDocente=fbenchi@gmail.com, fechaIncidencia=2025-01-30T13:04:04.383437300, descripcionIncidencia=3, estadoIncidencia=PENDIENTE, comentario=null)
2025-01-30T13:04:10.334+01:00  INFO 3916 --- [http-nio-8888-exec-9] e.i.R.rest.IncidenciaController          : Incidencia creada correctamente: IncidenciaEntity(numeroAula=2.11, correoDocente=fbenchi@gmail.com, fechaIncidencia=2025-01-30T13:04:10.326570800, descripcionIncidencia=4, estadoIncidencia=PENDIENTE, comentario=null)
2025-01-30T13:04:16.461+01:00  INFO 3916 --- [http-nio-8888-exec-10] e.i.R.rest.IncidenciaController          : Incidencia creada correctamente: IncidenciaEntity(numeroAula=6, correoDocente=fbenchi@gmail.com, fechaIncidencia=2025-01-30T13:04:16.453588400, descripcionIncidencia=5, estadoIncidencia=PENDIENTE, comentario=null)
2025-01-30T13:04:22.316+01:00  INFO 3916 --- [http-nio-8888-exec-2] e.i.R.rest.IncidenciaController          : Incidencia creada correctamente: IncidenciaEntity(numeroAula=6, correoDocente=fbenchi@gmail.com, fechaIncidencia=2025-01-30T13:04:22.309028, descripcionIncidencia=6, estadoIncidencia=PENDIENTE, comentario=null)
2025-01-30T13:04:26.724+01:00  INFO 3916 --- [http-nio-8888-exec-1] e.i.R.rest.IncidenciaController          : Incidencia creada correctamente: IncidenciaEntity(numeroAula=2.11, correoDocente=fbenchi@gmail.com, fechaIncidencia=2025-01-30T13:04:26.716604800, descripcionIncidencia=7, estadoIncidencia=PENDIENTE, comentario=null)
2025-01-30T13:04:32.667+01:00  INFO 3916 --- [http-nio-8888-exec-3] e.i.R.rest.IncidenciaController          : Incidencia creada correctamente: IncidenciaEntity(numeroAula=2.11, correoDocente=fbenchi@gmail.com, fechaIncidencia=2025-01-30T13:04:32.658705600, descripcionIncidencia=8, estadoIncidencia=PENDIENTE, comentario=null)
2025-01-30T13:04:37.874+01:00  INFO 3916 --- [http-nio-8888-exec-4] e.i.R.rest.IncidenciaController          : Incidencia creada correctamente: IncidenciaEntity(numeroAula=2.11, correoDocente=fbenchi@gmail.com, fechaIncidencia=2025-01-30T13:04:37.866628700, descripcionIncidencia=9, estadoIncidencia=PENDIENTE, comentario=null)
2025-01-30T13:05:20.125+01:00  INFO 3916 --- [http-nio-8888-exec-5] e.i.R.rest.IncidenciaController          : Incidencia creada correctamente: IncidenciaEntity(numeroAula=2.11, correoDocente=fbenchi@gmail.com, fechaIncidencia=2025-01-30T13:05:20.117787300, descripcionIncidencia=10, estadoIncidencia=PENDIENTE, comentario=null)
2025-01-30T13:08:17.017+01:00  INFO 3916 --- [http-nio-8888-exec-8] e.i.R.rest.IncidenciaController          : ModificarIncidenciaDto(numeroAula=2.11, correoDocente=fbenchi@gmail.com, fechaIncidencia=2025-01-30T13:05:20.117787, estadoIncidencia=PENDIENTE, comentario=drrhre)
2025-01-30T13:08:17.029+01:00  INFO 3916 --- [http-nio-8888-exec-8] e.i.R.rest.IncidenciaController          : Datos recibidos: numeroAula=2.11, correoDocente=fbenchi@gmail.com, fechaIncidencia=2025-01-30T13:05:20.117787
2025-01-30T13:08:17.040+01:00  INFO 3916 --- [http-nio-8888-exec-8] e.i.R.rest.IncidenciaController          : La incidencia ha sido modificada correctamente: IncidenciaEntity(numeroAula=2.11, correoDocente=fbenchi@gmail.com, fechaIncidencia=2025-01-30T13:05:20.117787, descripcionIncidencia=10, estadoIncidencia=PENDIENTE, comentario=drrhre)
2025-01-30T13:09:27.412+01:00  INFO 3916 --- [http-nio-8888-exec-5] e.i.R.rest.IncidenciaController          : Incidencia creada correctamente: IncidenciaEntity(numeroAula= 2.11, correoDocente=fbenchi@gmail.com, fechaIncidencia=2025-01-30T13:09:27.404731900, descripcionIncidencia=10, estadoIncidencia=PENDIENTE, comentario=null)
2025-01-30T13:09:53.620+01:00  INFO 3916 --- [http-nio-8888-exec-7] e.i.R.rest.IncidenciaController          : Incidencia creada correctamente: IncidenciaEntity(numeroAula=1, correoDocente=fbenchi@gmail.com, fechaIncidencia=2025-01-30T13:09:53.609825400, descripcionIncidencia=1, estadoIncidencia=PENDIENTE, comentario=null)
2025-01-30T13:10:00.440+01:00  INFO 3916 --- [http-nio-8888-exec-8] e.i.R.rest.IncidenciaController          : Incidencia creada correctamente: IncidenciaEntity(numeroAula=1, correoDocente=fbenchi@gmail.com, fechaIncidencia=2025-01-30T13:10:00.433263800, descripcionIncidencia=truy, estadoIncidencia=PENDIENTE, comentario=null)
2025-01-30T13:10:26.710+01:00  INFO 3916 --- [http-nio-8888-exec-1] e.i.R.rest.IncidenciaController          : ModificarIncidenciaDto(numeroAula=202, correoDocente=maria.gomez@escuela.edu, fechaIncidencia=2024-01-30T09:30, estadoIncidencia=EN PROGRESO, comentario=)
2025-01-30T13:10:26.710+01:00 ERROR 3916 --- [http-nio-8888-exec-1] e.i.R.rest.IncidenciaController          : El comentario de la incidencia es obligatorio.
2025-01-30T13:10:26.717+01:00  WARN 3916 --- [http-nio-8888-exec-1] .w.s.m.s.DefaultHandlerExceptionResolver : Resolved [org.springframework.web.HttpMediaTypeNotAcceptableException: No acceptable representation]
2025-01-30T13:10:27.245+01:00  INFO 3916 --- [http-nio-8888-exec-3] e.i.R.rest.IncidenciaController          : ModificarIncidenciaDto(numeroAula=202, correoDocente=maria.gomez@escuela.edu, fechaIncidencia=2024-01-30T09:30, estadoIncidencia=EN PROGRESO, comentario=)
2025-01-30T13:10:27.245+01:00 ERROR 3916 --- [http-nio-8888-exec-3] e.i.R.rest.IncidenciaController          : El comentario de la incidencia es obligatorio.
2025-01-30T13:10:27.246+01:00  WARN 3916 --- [http-nio-8888-exec-3] .w.s.m.s.DefaultHandlerExceptionResolver : Resolved [org.springframework.web.HttpMediaTypeNotAcceptableException: No acceptable representation]
2025-01-30T13:10:27.430+01:00  INFO 3916 --- [http-nio-8888-exec-4] e.i.R.rest.IncidenciaController          : ModificarIncidenciaDto(numeroAula=202, correoDocente=maria.gomez@escuela.edu, fechaIncidencia=2024-01-30T09:30, estadoIncidencia=EN PROGRESO, comentario=)
2025-01-30T13:10:27.431+01:00 ERROR 3916 --- [http-nio-8888-exec-4] e.i.R.rest.IncidenciaController          : El comentario de la incidencia es obligatorio.
2025-01-30T13:10:27.431+01:00  WARN 3916 --- [http-nio-8888-exec-4] .w.s.m.s.DefaultHandlerExceptionResolver : Resolved [org.springframework.web.HttpMediaTypeNotAcceptableException: No acceptable representation]
2025-01-30T13:10:27.645+01:00  INFO 3916 --- [http-nio-8888-exec-5] e.i.R.rest.IncidenciaController          : ModificarIncidenciaDto(numeroAula=202, correoDocente=maria.gomez@escuela.edu, fechaIncidencia=2024-01-30T09:30, estadoIncidencia=EN PROGRESO, comentario=)
2025-01-30T13:10:27.646+01:00 ERROR 3916 --- [http-nio-8888-exec-5] e.i.R.rest.IncidenciaController          : El comentario de la incidencia es obligatorio.
2025-01-30T13:10:27.646+01:00  WARN 3916 --- [http-nio-8888-exec-5] .w.s.m.s.DefaultHandlerExceptionResolver : Resolved [org.springframework.web.HttpMediaTypeNotAcceptableException: No acceptable representation]
2025-01-30T13:10:30.477+01:00  INFO 3916 --- [http-nio-8888-exec-6] e.i.R.rest.IncidenciaController          : ModificarIncidenciaDto(numeroAula=202, correoDocente=maria.gomez@escuela.edu, fechaIncidencia=2024-01-30T09:30, estadoIncidencia=EN PROGRESO, comentario=)
2025-01-30T13:10:30.477+01:00 ERROR 3916 --- [http-nio-8888-exec-6] e.i.R.rest.IncidenciaController          : El comentario de la incidencia es obligatorio.
2025-01-30T13:10:30.478+01:00  WARN 3916 --- [http-nio-8888-exec-6] .w.s.m.s.DefaultHandlerExceptionResolver : Resolved [org.springframework.web.HttpMediaTypeNotAcceptableException: No acceptable representation]
2025-01-30T13:11:56.803+01:00  INFO 3916 --- [http-nio-8888-exec-3] e.i.R.rest.IncidenciaController          : Incidencia creada correctamente: IncidenciaEntity(numeroAula=1, correoDocente=fbenchi@gmail.com, fechaIncidencia=2025-01-30T13:11:56.796809800, descripcionIncidencia=1
, estadoIncidencia=PENDIENTE, comentario=null)
2025-01-30T13:12:02.017+01:00  INFO 3916 --- [http-nio-8888-exec-4] e.i.R.rest.IncidenciaController          : Incidencia creada correctamente: IncidenciaEntity(numeroAula=6, correoDocente=fbenchi@gmail.com, fechaIncidencia=2025-01-30T13:12:02.011884900, descripcionIncidencia=2, estadoIncidencia=PENDIENTE, comentario=null)
2025-01-30T13:12:06.818+01:00  INFO 3916 --- [http-nio-8888-exec-5] e.i.R.rest.IncidenciaController          : Incidencia creada correctamente: IncidenciaEntity(numeroAula=Aula 2.12, correoDocente=fbenchi@gmail.com, fechaIncidencia=2025-01-30T13:12:06.811351300, descripcionIncidencia=3, estadoIncidencia=PENDIENTE, comentario=null)
2025-01-30T13:12:15.216+01:00  INFO 3916 --- [http-nio-8888-exec-6] e.i.R.rest.IncidenciaController          : Incidencia creada correctamente: IncidenciaEntity(numeroAula=6, correoDocente=fbenchi@gmail.com, fechaIncidencia=2025-01-30T13:12:15.210521400, descripcionIncidencia=4, estadoIncidencia=PENDIENTE, comentario=null)
2025-01-30T13:12:20.777+01:00  INFO 3916 --- [http-nio-8888-exec-7] e.i.R.rest.IncidenciaController          : Incidencia creada correctamente: IncidenciaEntity(numeroAula=Aula 2.12, correoDocente=fbenchi@gmail.com, fechaIncidencia=2025-01-30T13:12:20.769696300, descripcionIncidencia=5, estadoIncidencia=PENDIENTE, comentario=null)
2025-01-30T13:12:41.406+01:00  INFO 3916 --- [http-nio-8888-exec-3] e.i.R.rest.IncidenciaController          : Incidencia creada correctamente: IncidenciaEntity(numeroAula=Aula 2.12, correoDocente=fbenchi@gmail.com, fechaIncidencia=2025-01-30T13:12:41.399543, descripcionIncidencia=6, estadoIncidencia=PENDIENTE, comentario=null)
2025-01-30T13:12:46.245+01:00  INFO 3916 --- [http-nio-8888-exec-4] e.i.R.rest.IncidenciaController          : Incidencia creada correctamente: IncidenciaEntity(numeroAula=Aula 2.12, correoDocente=fbenchi@gmail.com, fechaIncidencia=2025-01-30T13:12:46.239038600, descripcionIncidencia=7, estadoIncidencia=PENDIENTE, comentario=null)
2025-01-30T13:12:57.245+01:00  INFO 3916 --- [http-nio-8888-exec-5] e.i.R.rest.IncidenciaController          : Incidencia creada correctamente: IncidenciaEntity(numeroAula=1, correoDocente=fbenchi@gmail.com, fechaIncidencia=2025-01-30T13:12:57.237619700, descripcionIncidencia=8, estadoIncidencia=PENDIENTE, comentario=null)
2025-01-30T13:13:03.124+01:00  INFO 3916 --- [http-nio-8888-exec-6] e.i.R.rest.IncidenciaController          : Incidencia creada correctamente: IncidenciaEntity(numeroAula=1, correoDocente=fbenchi@gmail.com, fechaIncidencia=2025-01-30T13:13:03.117151400, descripcionIncidencia=9, estadoIncidencia=PENDIENTE, comentario=null)
2025-01-30T13:13:08.892+01:00  INFO 3916 --- [http-nio-8888-exec-7] e.i.R.rest.IncidenciaController          : Incidencia creada correctamente: IncidenciaEntity(numeroAula=Aula 2.12, correoDocente=fbenchi@gmail.com, fechaIncidencia=2025-01-30T13:13:08.884524100, descripcionIncidencia=10, estadoIncidencia=PENDIENTE, comentario=null)
2025-01-30T13:29:40.558+01:00  INFO 3916 --- [http-nio-8888-exec-10] e.i.R.rest.IncidenciaController          : ModificarIncidenciaDto(numeroAula=Aula 2.12, correoDocente=fbenchi@gmail.com, fechaIncidencia=2025-01-30T13:13:08.884524, estadoIncidencia=CANCELADA, comentario=null)
2025-01-30T13:29:40.558+01:00 ERROR 3916 --- [http-nio-8888-exec-10] e.i.R.rest.IncidenciaController          : El comentario de la incidencia es obligatorio.
2025-01-30T13:29:40.559+01:00  WARN 3916 --- [http-nio-8888-exec-10] .w.s.m.s.DefaultHandlerExceptionResolver : Resolved [org.springframework.web.HttpMediaTypeNotAcceptableException: No acceptable representation]
2025-01-30T13:29:41.598+01:00  INFO 3916 --- [http-nio-8888-exec-2] e.i.R.rest.IncidenciaController          : ModificarIncidenciaDto(numeroAula=Aula 2.12, correoDocente=fbenchi@gmail.com, fechaIncidencia=2025-01-30T13:13:08.884524, estadoIncidencia=CANCELADA, comentario=null)
2025-01-30T13:29:41.598+01:00 ERROR 3916 --- [http-nio-8888-exec-2] e.i.R.rest.IncidenciaController          : El comentario de la incidencia es obligatorio.
2025-01-30T13:29:41.598+01:00  WARN 3916 --- [http-nio-8888-exec-2] .w.s.m.s.DefaultHandlerExceptionResolver : Resolved [org.springframework.web.HttpMediaTypeNotAcceptableException: No acceptable representation]
2025-01-30T13:29:41.869+01:00  INFO 3916 --- [http-nio-8888-exec-1] e.i.R.rest.IncidenciaController          : ModificarIncidenciaDto(numeroAula=Aula 2.12, correoDocente=fbenchi@gmail.com, fechaIncidencia=2025-01-30T13:13:08.884524, estadoIncidencia=CANCELADA, comentario=null)
2025-01-30T13:29:41.870+01:00 ERROR 3916 --- [http-nio-8888-exec-1] e.i.R.rest.IncidenciaController          : El comentario de la incidencia es obligatorio.
2025-01-30T13:29:41.870+01:00  WARN 3916 --- [http-nio-8888-exec-1] .w.s.m.s.DefaultHandlerExceptionResolver : Resolved [org.springframework.web.HttpMediaTypeNotAcceptableException: No acceptable representation]
2025-01-30T13:29:42.078+01:00  INFO 3916 --- [http-nio-8888-exec-3] e.i.R.rest.IncidenciaController          : ModificarIncidenciaDto(numeroAula=Aula 2.12, correoDocente=fbenchi@gmail.com, fechaIncidencia=2025-01-30T13:13:08.884524, estadoIncidencia=CANCELADA, comentario=null)
2025-01-30T13:29:42.078+01:00 ERROR 3916 --- [http-nio-8888-exec-3] e.i.R.rest.IncidenciaController          : El comentario de la incidencia es obligatorio.
2025-01-30T13:29:42.078+01:00  WARN 3916 --- [http-nio-8888-exec-3] .w.s.m.s.DefaultHandlerExceptionResolver : Resolved [org.springframework.web.HttpMediaTypeNotAcceptableException: No acceptable representation]
2025-01-30T13:29:55.485+01:00  INFO 3916 --- [http-nio-8888-exec-5] e.i.R.rest.IncidenciaController          : ModificarIncidenciaDto(numeroAula=Aula 2.12, correoDocente=fbenchi@gmail.com, fechaIncidencia=2025-01-30T13:13:08.884524, estadoIncidencia=PENDIENTE, comentario=null)
2025-01-30T13:29:55.485+01:00 ERROR 3916 --- [http-nio-8888-exec-5] e.i.R.rest.IncidenciaController          : El comentario de la incidencia es obligatorio.
2025-01-30T13:29:55.486+01:00  WARN 3916 --- [http-nio-8888-exec-5] .w.s.m.s.DefaultHandlerExceptionResolver : Resolved [org.springframework.web.HttpMediaTypeNotAcceptableException: No acceptable representation]
2025-01-30T13:31:51.699+01:00  INFO 3916 --- [http-nio-8888-exec-7] e.i.R.rest.IncidenciaController          : ModificarIncidenciaDto(numeroAula=Aula 2.12, correoDocente=fbenchi@gmail.com, fechaIncidencia=2025-01-30T13:13:08.884524, estadoIncidencia=PENDIENTE, comentario=null)
2025-01-30T13:31:51.699+01:00 ERROR 3916 --- [http-nio-8888-exec-7] e.i.R.rest.IncidenciaController          : El comentario de la incidencia es obligatorio.
2025-01-30T13:31:51.700+01:00  WARN 3916 --- [http-nio-8888-exec-7] .w.s.m.s.DefaultHandlerExceptionResolver : Resolved [org.springframework.web.HttpMediaTypeNotAcceptableException: No acceptable representation]
2025-01-30T13:32:04.857+01:00  INFO 3916 --- [http-nio-8888-exec-9] e.i.R.rest.IncidenciaController          : ModificarIncidenciaDto(numeroAula=Aula 2.12, correoDocente=fbenchi@gmail.com, fechaIncidencia=2025-01-30T13:13:08.884524, estadoIncidencia=PENDIENTE, comentario=null)
2025-01-30T13:32:04.857+01:00 ERROR 3916 --- [http-nio-8888-exec-9] e.i.R.rest.IncidenciaController          : El comentario de la incidencia es obligatorio.
2025-01-30T13:32:04.857+01:00  WARN 3916 --- [http-nio-8888-exec-9] .w.s.m.s.DefaultHandlerExceptionResolver : Resolved [org.springframework.web.HttpMediaTypeNotAcceptableException: No acceptable representation]
2025-01-30T13:32:05.033+01:00  INFO 3916 --- [http-nio-8888-exec-10] e.i.R.rest.IncidenciaController          : ModificarIncidenciaDto(numeroAula=Aula 2.12, correoDocente=fbenchi@gmail.com, fechaIncidencia=2025-01-30T13:13:08.884524, estadoIncidencia=PENDIENTE, comentario=null)
2025-01-30T13:32:05.033+01:00 ERROR 3916 --- [http-nio-8888-exec-10] e.i.R.rest.IncidenciaController          : El comentario de la incidencia es obligatorio.
2025-01-30T13:32:05.034+01:00  WARN 3916 --- [http-nio-8888-exec-10] .w.s.m.s.DefaultHandlerExceptionResolver : Resolved [org.springframework.web.HttpMediaTypeNotAcceptableException: No acceptable representation]
2025-01-30T13:32:06.736+01:00  INFO 3916 --- [http-nio-8888-exec-2] e.i.R.rest.IncidenciaController          : ModificarIncidenciaDto(numeroAula=Aula 2.12, correoDocente=fbenchi@gmail.com, fechaIncidencia=2025-01-30T13:13:08.884524, estadoIncidencia=PENDIENTE, comentario=sdv)
2025-01-30T13:32:06.739+01:00  INFO 3916 --- [http-nio-8888-exec-2] e.i.R.rest.IncidenciaController          : Datos recibidos: numeroAula=Aula 2.12, correoDocente=fbenchi@gmail.com, fechaIncidencia=2025-01-30T13:13:08.884524
2025-01-30T13:32:06.745+01:00  INFO 3916 --- [http-nio-8888-exec-2] e.i.R.rest.IncidenciaController          : La incidencia ha sido modificada correctamente: IncidenciaEntity(numeroAula=Aula 2.12, correoDocente=fbenchi@gmail.com, fechaIncidencia=2025-01-30T13:13:08.884524, descripcionIncidencia=10, estadoIncidencia=PENDIENTE, comentario=sdv)
2025-01-30T13:33:47.512+01:00  INFO 3916 --- [http-nio-8888-exec-4] e.i.R.rest.IncidenciaController          : ModificarIncidenciaDto(numeroAula=1, correoDocente=fbenchi@gmail.com, fechaIncidencia=2025-01-30T13:13:03.117151, estadoIncidencia=PENDIENTE, comentario=sdg)
2025-01-30T13:33:47.515+01:00  INFO 3916 --- [http-nio-8888-exec-4] e.i.R.rest.IncidenciaController          : Datos recibidos: numeroAula=1, correoDocente=fbenchi@gmail.com, fechaIncidencia=2025-01-30T13:13:03.117151
2025-01-30T13:33:47.521+01:00  INFO 3916 --- [http-nio-8888-exec-4] e.i.R.rest.IncidenciaController          : La incidencia ha sido modificada correctamente: IncidenciaEntity(numeroAula=1, correoDocente=fbenchi@gmail.com, fechaIncidencia=2025-01-30T13:13:03.117151, descripcionIncidencia=9, estadoIncidencia=PENDIENTE, comentario=sdg)
2025-01-30T13:34:19.071+01:00  INFO 3916 --- [http-nio-8888-exec-8] e.i.R.rest.IncidenciaController          : ModificarIncidenciaDto(numeroAula=1, correoDocente=fbenchi@gmail.com, fechaIncidencia=2025-01-30T13:13:03.117151, estadoIncidencia=PENDIENTE, comentario=sdg)
2025-01-30T13:34:19.073+01:00  INFO 3916 --- [http-nio-8888-exec-8] e.i.R.rest.IncidenciaController          : Datos recibidos: numeroAula=1, correoDocente=fbenchi@gmail.com, fechaIncidencia=2025-01-30T13:13:03.117151
2025-01-30T13:34:19.075+01:00  INFO 3916 --- [http-nio-8888-exec-8] e.i.R.rest.IncidenciaController          : La incidencia ha sido modificada correctamente: IncidenciaEntity(numeroAula=1, correoDocente=fbenchi@gmail.com, fechaIncidencia=2025-01-30T13:13:03.117151, descripcionIncidencia=9, estadoIncidencia=PENDIENTE, comentario=sdg)
2025-01-30T13:34:19.277+01:00  INFO 3916 --- [http-nio-8888-exec-9] e.i.R.rest.IncidenciaController          : ModificarIncidenciaDto(numeroAula=1, correoDocente=fbenchi@gmail.com, fechaIncidencia=2025-01-30T13:13:03.117151, estadoIncidencia=PENDIENTE, comentario=sdg)
2025-01-30T13:34:19.279+01:00  INFO 3916 --- [http-nio-8888-exec-9] e.i.R.rest.IncidenciaController          : Datos recibidos: numeroAula=1, correoDocente=fbenchi@gmail.com, fechaIncidencia=2025-01-30T13:13:03.117151
2025-01-30T13:34:19.280+01:00  INFO 3916 --- [http-nio-8888-exec-9] e.i.R.rest.IncidenciaController          : La incidencia ha sido modificada correctamente: IncidenciaEntity(numeroAula=1, correoDocente=fbenchi@gmail.com, fechaIncidencia=2025-01-30T13:13:03.117151, descripcionIncidencia=9, estadoIncidencia=PENDIENTE, comentario=sdg)
2025-01-30T13:34:25.685+01:00  INFO 3916 --- [http-nio-8888-exec-10] e.i.R.rest.IncidenciaController          : ModificarIncidenciaDto(numeroAula=1, correoDocente=fbenchi@gmail.com, fechaIncidencia=2025-01-30T13:12:57.237620, estadoIncidencia=PENDIENTE, comentario=af)
2025-01-30T13:34:25.687+01:00  INFO 3916 --- [http-nio-8888-exec-10] e.i.R.rest.IncidenciaController          : Datos recibidos: numeroAula=1, correoDocente=fbenchi@gmail.com, fechaIncidencia=2025-01-30T13:12:57.237620
2025-01-30T13:34:25.693+01:00  INFO 3916 --- [http-nio-8888-exec-10] e.i.R.rest.IncidenciaController          : La incidencia ha sido modificada correctamente: IncidenciaEntity(numeroAula=1, correoDocente=fbenchi@gmail.com, fechaIncidencia=2025-01-30T13:12:57.237620, descripcionIncidencia=8, estadoIncidencia=PENDIENTE, comentario=af)
2025-01-30T13:44:52.067+01:00  INFO 3916 --- [http-nio-8888-exec-2] e.i.R.rest.IncidenciaController          : ModificarIncidenciaDto(numeroAula=Aula 2.12, correoDocente=fbenchi@gmail.com, fechaIncidencia=2025-01-30T13:12:46.239039, estadoIncidencia=CANCELADA, comentario=FWAFW)
2025-01-30T13:44:52.069+01:00  INFO 3916 --- [http-nio-8888-exec-2] e.i.R.rest.IncidenciaController          : Datos recibidos: numeroAula=Aula 2.12, correoDocente=fbenchi@gmail.com, fechaIncidencia=2025-01-30T13:12:46.239039
2025-01-30T13:44:52.078+01:00  INFO 3916 --- [http-nio-8888-exec-2] e.i.R.rest.IncidenciaController          : La incidencia ha sido modificada correctamente: IncidenciaEntity(numeroAula=Aula 2.12, correoDocente=fbenchi@gmail.com, fechaIncidencia=2025-01-30T13:12:46.239039, descripcionIncidencia=7, estadoIncidencia=CANCELADA, comentario=FWAFW)
2025-01-30T13:44:59.305+01:00  INFO 3916 --- [http-nio-8888-exec-3] e.i.R.rest.IncidenciaController          : ModificarIncidenciaDto(numeroAula=Aula 2.12, correoDocente=fbenchi@gmail.com, fechaIncidencia=2025-01-30T13:12:20.769696, estadoIncidencia=RESUELTA, comentario=CEAFEW)
2025-01-30T13:44:59.307+01:00  INFO 3916 --- [http-nio-8888-exec-3] e.i.R.rest.IncidenciaController          : Datos recibidos: numeroAula=Aula 2.12, correoDocente=fbenchi@gmail.com, fechaIncidencia=2025-01-30T13:12:20.769696
2025-01-30T13:44:59.313+01:00  INFO 3916 --- [http-nio-8888-exec-3] e.i.R.rest.IncidenciaController          : La incidencia ha sido modificada correctamente: IncidenciaEntity(numeroAula=Aula 2.12, correoDocente=fbenchi@gmail.com, fechaIncidencia=2025-01-30T13:12:20.769696, descripcionIncidencia=5, estadoIncidencia=RESUELTA, comentario=CEAFEW)
